正在编译bdy_aix_ppc64
正在编译bdy_android_386
正在编译bdy_android_amd64
正在编译bdy_android_arm
正在编译bdy_android_arm64
正在编译bdy_darwin_amd64
正在编译bdy_darwin_arm64
正在编译bdy_dragonfly_amd64
正在编译bdy_freebsd_386
正在编译bdy_freebsd_amd64
正在编译bdy_freebsd_arm
正在编译bdy_freebsd_arm64
正在编译bdy_illumos_amd64
正在编译bdy_ios_amd64
正在编译bdy_ios_arm64
正在编译bdy_js_wasm
正在编译bdy_linux_386
正在编译bdy_linux_amd64
正在编译bdy_linux_arm
正在编译bdy_linux_arm64
正在编译bdy_linux_mips
正在编译bdy_linux_mips64
正在编译bdy_linux_mips64le
正在编译bdy_linux_mipsle
正在编译bdy_linux_ppc64
正在编译bdy_linux_ppc64le
正在编译bdy_linux_riscv64
正在编译bdy_linux_s390x
正在编译bdy_netbsd_386
正在编译bdy_netbsd_amd64
正在编译bdy_netbsd_arm
正在编译bdy_netbsd_arm64
正在编译bdy_openbsd_386
正在编译bdy_openbsd_amd64
正在编译bdy_openbsd_arm
正在编译bdy_openbsd_arm64
正在编译bdy_openbsd_mips64
正在编译bdy_plan9_386
正在编译bdy_plan9_amd64
正在编译bdy_plan9_arm
正在编译bdy_solaris_amd64
正在编译bdy_windows_386
正在编译bdy_windows_amd64
正在编译bdy_windows_arm
正在编译bdy_windows_arm64
